No .version file found, creating one
LN: include/arch to arch/arm/include
LN: arch/arm/src/board to configs/px4io-v2/src
LN: arch/arm/src/chip to arch/arm/src/stm32
LN: include/apps to ../apps/include
LN: include/arch/board to configs/px4io-v2/include
LN: include/arch/chip to arch/arm/include/stm32
CC:  mm_initialize.c
CC:  os_start.c
CC:  stdio/lib_fileno.c
CC:  mm_sem.c
CC:  stdio/lib_printf.c
CC:  mm_addfreechunk.c
CC:  mm_size2ndx.c
CC:  stdio/lib_syslog.c
CC:  mm_shrinkchunk.c
CC:  os_bringup.c
CC:  stdio/lib_lowsyslog.c
CC:  mm_malloc.c
CC:  errno_getptr.c
CC:  stdio/lib_sprintf.c
CC:  mm_zalloc.c
CC:  errno_get.c
CC:  stdio/lib_asprintf.c
CC:  mm_calloc.c
CC:  errno_set.c
CC:  stdio/lib_snprintf.c
CC:  mm_realloc.c
CC:  sched_garbage.c
CC:  sched_getfiles.c
CC:  stdio/lib_libsprintf.c
CC:  sched_getsockets.c
CC:  mm_memalign.c
CC:  stdio/lib_vsprintf.c
CC:  sched_getstreams.c
CC:  stdio/lib_avsprintf.c
CC:  mm_free.c
CC:  prctl.c
CC:  stdio/lib_vsnprintf.c
CC:  mm_mallinfo.c
CC:  exit.c
CC:  stdio/lib_libvsprintf.c
CC:  getpid.c
CC:  mm_user.c
CC:  task_create.c
AR:    bin/mm_initialize.o  bin/mm_sem.o  bin/mm_addfreechunk.o  bin/mm_size2ndx.o  bin/mm_shrinkchunk.o  bin/mm_malloc.o  bin/mm_zalloc.o  bin/mm_calloc.o  bin/mm_realloc.o  bin/mm_memalign.o  bin/mm_free.o  bin/mm_mallinfo.o  bin/mm_user.o
CC:  task_init.c
AS:  chip/stm32_vectors.S
CC:  task_setup.c
AS:  armv7-m/up_saveusercontext.S
AS:  armv7-m/up_fullcontextrestore.S
AS:  armv7-m/up_switchcontext.S
AS:  armv7-m/vfork.S
AS:  armv7-m/up_exception.S
CC:  task_activate.c
CC:  stdio/lib_dprintf.c
CC:  chip/stm32_allocateheap.c
CC:  task_start.c
CC:  stdio/lib_vdprintf.c
CC:  task_delete.c
CC:  stdio/lib_meminstream.c
CC:  task_exit.c
CC:  stdio/lib_memoutstream.c
CC:  task_exithook.c
CC:  stdio/lib_lowinstream.c
CC:  task_recover.c
CC:  stdio/lib_lowoutstream.c
CC:  task_restart.c
CC:  task_spawn.c
CC:  stdio/lib_zeroinstream.c
CC:  chip/stm32_start.c
CC:  stdio/lib_nullinstream.c
CC:  task_spawnparms.c
CC:  stdio/lib_nulloutstream.c
CC:  chip/stm32_rcc.c
CC:  stdio/lib_sscanf.c
CC:  task_terminate.c
CC:  sched_addreadytorun.c
CC:  chip/stm32_lse.c
CC:  sched_removereadytorun.c
CC:  sched_addprioritized.c
CC:  sched_mergepending.c
CC:  chip/stm32_lsi.c
CC:  stdio/lib_rawinstream.c
CC:  sched_addblocked.c
CC:  sched_removeblocked.c
CC:  sched_free.c
CC:  sched_gettcb.c
CC:  stdio/lib_rawoutstream.c
CC:  sched_verifytcb.c
CC:  sched_releasetcb.c
CC:  stdlib/lib_abs.c
CC:  group_create.c
CC:  group_join.c
CC:  group_leave.c
CC:  stdlib/lib_abort.c
CC:  chip/stm32_gpio.c
CC:  group_find.c
CC:  stdlib/lib_imaxabs.c
CC:  group_setupstreams.c
CC:  chip/stm32_exti_gpio.c
CC:  group_setupidlefiles.c
CC:  stdlib/lib_itoa.c
CC:  group_setuptaskfiles.c
CC:  stdlib/lib_labs.c
CC:  chip/stm32_flash.c
CC:  task_getgroup.c
CC:  stdlib/lib_llabs.c
CC:  stdlib/lib_rand.c
CC:  group_foreachchild.c
CC:  group_killchildren.c
CC:  stdlib/lib_qsort.c
CC:  chip/stm32_irq.c
CC:  sched_setparam.c
CC:  sched_setpriority.c
CC:  chip/stm32_timerisr.c
CC:  unistd/lib_getopt.c
CC:  sched_getparam.c
CC:  unistd/lib_getoptargp.c
CC:  sched_setscheduler.c
CC:  chip/stm32_dma.c
CC:  unistd/lib_getoptindp.c
CC:  sched_getscheduler.c
CC:  unistd/lib_getoptoptp.c
CC:  sched_yield.c
CC:  sched/sched_getprioritymax.c
CC:  sched_rrgetinterval.c
CC:  chip/stm32_lowputc.c
CC:  sched/sched_getprioritymin.c
CC:  sched_foreach.c
CC:  string/lib_checkbase.c
CC:  chip/stm32_serial.c
CC:  sched_lock.c
CC:  string/lib_isbasedigit.c
CC:  sched_unlock.c
CC:  string/lib_memset.c
CC:  sched_lockcount.c
CC:  string/lib_memchr.c
CC:  sched_self.c
CC:  string/lib_memccpy.c
CC:  wd_initialize.c
CC:  string/lib_memcmp.c
CC:  wd_create.c
CC:  string/lib_memmove.c
CC:  string/lib_skipspace.c
CC:  wd_start.c
CC:  chip/stm32_spi.c
CC:  string/lib_strcasecmp.c
CC:  chip/stm32_sdio.c
CC:  string/lib_strcat.c
CC:  wd_cancel.c
CC:  string/lib_strchr.c
CC:  wd_delete.c
CC:  chip/stm32_tim.c
CC:  string/lib_strcpy.c
CC:  wd_gettime.c
CC:  string/lib_strcmp.c
CC:  chip/stm32_i2c.c
CC:  sched_processtimer.c
CC:  string/lib_strcspn.c
CC:  chip/stm32_waste.c
CC:  string/lib_strdup.c
CC:  sem_initialize.c
CC:  chip/stm32_idle.c
CC:  sem_destroy.c
CC:  string/lib_strerror.c
CC:  chip/stm32_pmstop.c
CC:  sem_open.c
CC:  string/lib_strlen.c
CC:  chip/stm32_pmstandby.c
CC:  string/lib_strnlen.c
CC:  chip/stm32_pmsleep.c
CC:  sem_close.c
CC:  string/lib_strncasecmp.c
CC:  chip/stm32_pminitialize.c
CC:  string/lib_strncat.c
CC:  sem_unlink.c
CC:  armv7-m/up_assert.c
CC:  string/lib_strncmp.c
CC:  string/lib_strncpy.c
CC:  sem_wait.c
CC:  armv7-m/up_blocktask.c
CC:  string/lib_strndup.c
CC:  sem_trywait.c
CC:  armv7-m/up_copystate.c
CC:  string/lib_strcasestr.c
CC:  sem_timedwait.c
CC:  common/up_createstack.c
CC:  string/lib_strpbrk.c
CC:  sem_post.c
CC:  string/lib_strrchr.c
CC:  common/up_mdelay.c
CC:  string/lib_strspn.c
CC:  sem_findnamed.c
CC:  common/up_udelay.c
CC:  string/lib_strstr.c
CC:  irq_initialize.c
CC:  common/up_exit.c
CC:  string/lib_strtok.c
CC:  irq_attach.c
CC:  string/lib_strtokr.c
CC:  common/up_initialize.c
CC:  irq_dispatch.c
CC:  string/lib_strtol.c
CC:  irq_unexpectedisr.c
CC:  armv7-m/up_initialstate.c
CC:  clock_initialize.c
CC:  string/lib_strtoll.c
CC:  clock_settime.c
CC:  common/up_interruptcontext.c
CC:  string/lib_strtoul.c
CC:  clock_gettime.c
CC:  armv7-m/up_memfault.c
CC:  clock_getres.c
CC:  string/lib_strtoull.c
CC:  common/up_modifyreg8.c
CC:  clock_time2ticks.c
CC:  string/lib_strtod.c
CC:  clock_abstime2ticks.c
CC:  common/up_modifyreg16.c
CC:  common/up_modifyreg32.c
CC:  clock_ticks2time.c
CC:  armv7-m/up_releasepending.c
CC:  string/lib_memcpy.c
CC:  clock_gettimeofday.c
CC:  pthread/pthread_attrinit.c
CC:  clock_systimer.c
CC:  common/up_releasestack.c
AR:   os_start.o os_bringup.o errno_getptr.o errno_get.o errno_set.o sched_garbage.o sched_getfiles.o sched_getsockets.o sched_getstreams.o prctl.o exit.o getpid.o task_create.o task_init.o task_setup.o task_activate.o task_start.o task_delete.o task_exit.o task_exithook.o task_recover.o task_restart.o task_spawn.o task_spawnparms.o task_terminate.o sched_addreadytorun.o sched_removereadytorun.o sched_addprioritized.o sched_mergepending.o sched_addblocked.o sched_removeblocked.o sched_free.o sched_gettcb.o sched_verifytcb.o sched_releasetcb.o group_create.o group_join.o group_leave.o group_find.o group_setupstreams.o group_setupidlefiles.o group_setuptaskfiles.o task_getgroup.o group_foreachchild.o group_killchildren.o sched_setparam.o sched_setpriority.o sched_getparam.o sched_setscheduler.o sched_getscheduler.o sched_yield.o sched_rrgetinterval.o sched_foreach.o sched_lock.o sched_unlock.o sched_lockcount.o sched_self.o wd_initialize.o wd_create.o wd_start.o wd_cancel.o wd_delete.o wd_gettime.o sched_processtimer.o sem_initialize.o sem_destroy.o sem_open.o sem_close.o sem_unlink.o sem_wait.o sem_trywait.o sem_timedwait.o sem_post.o sem_findnamed.o irq_initialize.o irq_attach.o irq_dispatch.o irq_unexpectedisr.o clock_initialize.o clock_settime.o clock_gettime.o clock_getres.o clock_time2ticks.o clock_abstime2ticks.o clock_ticks2time.o clock_gettimeofday.o clock_systimer.o
CC:  armv7-m/up_reprioritizertr.c
CC:  pthread/pthread_attrdestroy.c
CC:  pthread/pthread_attrsetschedpolicy.c
CC:  armv7-m/up_schedulesigaction.c
CC:  armv7-m/up_sigdeliver.c
CC:  pthread/pthread_attrgetschedpolicy.c
CC:  armv7-m/up_systemreset.c
CC:  pthread/pthread_attrsetinheritsched.c
CC:  armv7-m/up_unblocktask.c
CC:  pthread/pthread_attrgetinheritsched.c
CC:  pthread/pthread_attrsetstacksize.c
CC:  pthread/pthread_attrgetstacksize.c
CC:  common/up_usestack.c
CC:  pthread/pthread_attrsetschedparam.c
CC:  pthread/pthread_attrgetschedparam.c
CC:  armv7-m/up_doirq.c
CC:  pthread/pthread_barrierattrinit.c
CC:  pthread/pthread_barrierattrdestroy.c
CC:  armv7-m/up_hardfault.c
CC:  pthread/pthread_barrierattrgetpshared.c
CC:  pthread/pthread_barrierattrsetpshared.c
CC:  pthread/pthread_condattrinit.c
CC:  armv7-m/up_svcall.c
CC:  common/up_vfork.c
CC:  pthread/pthread_condattrdestroy.c
CC:  armv7-m/up_vectors.c
CXX:  libxx_cxapurevirtual.cxx
CC:  pthread/pthread_mutexattrinit.c
AR:  stm32_vectors.o up_saveusercontext.o up_fullcontextrestore.o up_switchcontext.o vfork.o up_exception.o stm32_allocateheap.o stm32_start.o stm32_rcc.o stm32_lse.o stm32_lsi.o stm32_gpio.o stm32_exti_gpio.o stm32_flash.o stm32_irq.o stm32_timerisr.o stm32_dma.o stm32_lowputc.o stm32_serial.o stm32_spi.o stm32_sdio.o stm32_tim.o stm32_i2c.o stm32_waste.o stm32_idle.o stm32_pmstop.o stm32_pmstandby.o stm32_pmsleep.o stm32_pminitialize.o up_assert.o up_blocktask.o up_copystate.o up_createstack.o up_mdelay.o up_udelay.o up_exit.o up_initialize.o up_initialstate.o up_interruptcontext.o up_memfault.o up_modifyreg8.o up_modifyreg16.o up_modifyreg32.o up_releasepending.o up_releasestack.o up_reprioritizertr.o up_schedulesigaction.o up_sigdeliver.o up_systemreset.o up_unblocktask.o up_usestack.o up_doirq.o up_hardfault.o up_svcall.o up_vfork.o up_vectors.o
CXX:  libxx_eabi_atexit.cxx
CC:  pthread/pthread_mutexattrdestroy.c
CC:  builtin.c
CXX:  libxx_cxa_atexit.cxx
CC:  builtin_list.c
CC:  pthread/pthread_mutexattrgetpshared.c
CC:  exec_builtin.c
CXX:  libxx_delete.cxx
CC:  pthread/pthread_mutexattrsetpshared.c
CXX:  libxx_deletea.cxx
AR:   builtin.o builtin_list.o exec_builtin.o
CC:  semaphore/sem_init.c
CXX:  libxx_new.cxx
CC:  semaphore/sem_getvalue.c
CC:  fs_close.c
CC:  fixedmath/lib_rint.c
CXX:  libxx_newa.cxx
CC:  fixedmath/lib_fixedmath.c
CXX:  libxx_stdthrow.cxx
CC:  fs_closedir.c
CC:  fixedmath/lib_b16sin.c
AR:    libxx_cxapurevirtual.o libxx_eabi_atexit.o libxx_cxa_atexit.o libxx_delete.o libxx_deletea.o libxx_new.o libxx_newa.o libxx_stdthrow.o
CC:  fixedmath/lib_b16cos.c
CC:  fs_dup.c
CC:  pipes/pipe.c
CC:  fixedmath/lib_b16atan2.c
CC:  fs_dup2.c
CC:  net/lib_etherntoa.c
CC:  net/lib_htons.c
CC:  fs_fcntl.c
CC:  pipes/fifo.c
CC:  net/lib_htonl.c
CC:  net/lib_inetaddr.c
CC:  pipes/pipe_common.c
CC:  fs_filedup.c
CC:  net/lib_inetntoa.c
CC:  net/lib_inetntop.c
CC:  fs_filedup2.c
CC:  net/lib_inetpton.c
CC:  fs_ioctl.c
CC:  time/lib_mktime.c
CC:  time/lib_gmtime.c
CC:  fs_lseek.c
CC:  time/lib_gmtimer.c
CC:  serial/serial.c
CC:  time/lib_strftime.c
CC:  fs_open.c
CC:  time/lib_calendar2utc.c
CC:  fs_opendir.c
CC:  time/lib_daysbeforemonth.c
CC:  time/lib_isleapyear.c
CC:  fs_poll.c
CC:  time/lib_time.c
CC:  serial/serialirq.c
CC:  libgen/lib_basename.c
CC:  fs_read.c
CC:  libgen/lib_dirname.c
CC:  serial/lowconsole.c
CC:  dirent/lib_readdirr.c
CC:  fs_readdir.c
CC:  dirent/lib_telldir.c
CC:  usbhost/hid_parser.c
CC:  termios/lib_cfgetspeed.c
CC:  fs_rewinddir.c
CC:  termios/lib_cfsetspeed.c
CC:  termios/lib_tcflush.c
CC:  fs_seekdir.c
CC:  termios/lib_tcgetattr.c
CC:  termios/lib_tcsetattr.c
CC:  fs_stat.c
CC:  spawn/lib_psfa_addaction.c
CC:  dev_null.c
CC:  spawn/lib_psfa_addclose.c
CC:  fs_statfs.c
CC:  spawn/lib_psfa_adddup2.c
CC:  dev_zero.c
CC:  spawn/lib_psfa_addopen.c
CC:  fs_select.c
CC:  loop.c
CC:  spawn/lib_psfa_destroy.c
CC:  fs_write.c
CC:  spawn/lib_psfa_init.c
CC:  spawn/lib_psa_getflags.c
AR:   pipe.o fifo.o pipe_common.o serial.o serialirq.o lowconsole.o hid_parser.o dev_null.o dev_zero.o loop.o
CC:  fs_files.c
CC:  binfmt_globals.c
CC:  spawn/lib_psa_getschedparam.c
CC:  spawn/lib_psa_getschedpolicy.c
CC:  binfmt_register.c
CC:  spawn/lib_psa_getstacksize.c
CC:  fs_foreachinode.c
CC:  spawn/lib_psa_init.c
CC:  binfmt_unregister.c
CC:  spawn/lib_psa_setflags.c
CC:  binfmt_loadmodule.c
CC:  fs_inode.c
CC:  spawn/lib_psa_setschedparam.c
CC:  spawn/lib_psa_setschedpolicy.c
CC:  binfmt_unloadmodule.c
CC:  spawn/lib_psa_setstacksize.c
CC:  fs_inodeaddref.c
CC:  binfmt_execmodule.c
CC:  queue/sq_addlast.c
CC:  queue/sq_addfirst.c
CC:  fs_inodefind.c
CC:  binfmt_exec.c
CC:  queue/sq_addafter.c
CC:  fs_inoderelease.c
CC:  queue/sq_rem.c
CC:  binfmt_dumpmodule.c
CC:  queue/sq_remlast.c
CC:  symtab_findbyname.c
CC:  fs_inoderemove.c
CC:  queue/sq_remfirst.c
CC:  queue/sq_remafter.c
CC:  symtab_findbyvalue.c
CC:  fs_inodereserve.c
CC:  queue/dq_addlast.c
CC:  queue/dq_addfirst.c
CC:  symtab_findorderedbyname.c
CC:  queue/dq_addafter.c
CC:  fs_registerdriver.c
CC:  queue/dq_addbefore.c
CC:  symtab_findorderedbyvalue.c
CC:  fs_unregisterdriver.c
CC:  queue/dq_rem.c
AR:   binfmt_globals.o binfmt_register.o binfmt_unregister.o binfmt_loadmodule.o binfmt_unloadmodule.o binfmt_execmodule.o binfmt_exec.o binfmt_dumpmodule.o symtab_findbyname.o symtab_findbyvalue.o symtab_findorderedbyname.o symtab_findorderedbyvalue.o
CC:  queue/dq_remlast.c
CC:  fs_registerblockdriver.c
CC:  queue/dq_remfirst.c
CC:  misc/lib_init.c
CC:  misc/lib_filesem.c
CC:  misc/lib_sendfile.c
CC:  fs_unregisterblockdriver.c
CC:  misc/lib_crc32.c
CC:  misc/lib_match.c
CC:  fs_findblockdriver.c
CC:  misc/lib_dbg.c
CC:  misc/lib_dumpbuffer.c
CC:  fs_openblockdriver.c
CC:  fs_closeblockdriver.c
CC:  mmap/fs_mmap.c
AR:    bin/lib_fileno.o  bin/lib_printf.o  bin/lib_syslog.o  bin/lib_lowsyslog.o  bin/lib_sprintf.o  bin/lib_asprintf.o  bin/lib_snprintf.o  bin/lib_libsprintf.o  bin/lib_vsprintf.o  bin/lib_avsprintf.o  bin/lib_vsnprintf.o  bin/lib_libvsprintf.o  bin/lib_dprintf.o  bin/lib_vdprintf.o  bin/lib_meminstream.o  bin/lib_memoutstream.o  bin/lib_lowinstream.o  bin/lib_lowoutstream.o  bin/lib_zeroinstream.o  bin/lib_nullinstream.o  bin/lib_nulloutstream.o  bin/lib_sscanf.o  bin/lib_rawinstream.o  bin/lib_rawoutstream.o  bin/lib_abs.o  bin/lib_abort.o  bin/lib_imaxabs.o  bin/lib_itoa.o  bin/lib_labs.o  bin/lib_llabs.o  bin/lib_rand.o  bin/lib_qsort.o  bin/lib_getopt.o  bin/lib_getoptargp.o  bin/lib_getoptindp.o  bin/lib_getoptoptp.o  bin/sched_getprioritymax.o  bin/sched_getprioritymin.o  bin/lib_checkbase.o  bin/lib_isbasedigit.o  bin/lib_memset.o  bin/lib_memchr.o  bin/lib_memccpy.o  bin/lib_memcmp.o  bin/lib_memmove.o  bin/lib_skipspace.o  bin/lib_strcasecmp.o  bin/lib_strcat.o  bin/lib_strchr.o  bin/lib_strcpy.o  bin/lib_strcmp.o  bin/lib_strcspn.o  bin/lib_strdup.o  bin/lib_strerror.o  bin/lib_strlen.o  bin/lib_strnlen.o  bin/lib_strncasecmp.o  bin/lib_strncat.o  bin/lib_strncmp.o  bin/lib_strncpy.o  bin/lib_strndup.o  bin/lib_strcasestr.o  bin/lib_strpbrk.o  bin/lib_strrchr.o  bin/lib_strspn.o  bin/lib_strstr.o  bin/lib_strtok.o  bin/lib_strtokr.o  bin/lib_strtol.o  bin/lib_strtoll.o  bin/lib_strtoul.o  bin/lib_strtoull.o  bin/lib_strtod.o  bin/lib_memcpy.o  bin/pthread_attrinit.o  bin/pthread_attrdestroy.o  bin/pthread_attrsetschedpolicy.o  bin/pthread_attrgetschedpolicy.o  bin/pthread_attrsetinheritsched.o  bin/pthread_attrgetinheritsched.o  bin/pthread_attrsetstacksize.o  bin/pthread_attrgetstacksize.o  bin/pthread_attrsetschedparam.o  bin/pthread_attrgetschedparam.o  bin/pthread_barrierattrinit.o  bin/pthread_barrierattrdestroy.o  bin/pthread_barrierattrgetpshared.o  bin/pthread_barrierattrsetpshared.o  bin/pthread_condattrinit.o  bin/pthread_condattrdestroy.o  bin/pthread_mutexattrinit.o  bin/pthread_mutexattrdestroy.o  bin/pthread_mutexattrgetpshared.o  bin/pthread_mutexattrsetpshared.o  bin/sem_init.o  bin/sem_getvalue.o  bin/lib_rint.o  bin/lib_fixedmath.o  bin/lib_b16sin.o  bin/lib_b16cos.o  bin/lib_b16atan2.o  bin/lib_etherntoa.o  bin/lib_htons.o  bin/lib_htonl.o  bin/lib_inetaddr.o  bin/lib_inetntoa.o  bin/lib_inetntop.o  bin/lib_inetpton.o  bin/lib_mktime.o  bin/lib_gmtime.o  bin/lib_gmtimer.o  bin/lib_strftime.o  bin/lib_calendar2utc.o  bin/lib_daysbeforemonth.o  bin/lib_isleapyear.o  bin/lib_time.o  bin/lib_basename.o  bin/lib_dirname.o  bin/lib_readdirr.o  bin/lib_telldir.o  bin/lib_cfgetspeed.o  bin/lib_cfsetspeed.o  bin/lib_tcflush.o  bin/lib_tcgetattr.o  bin/lib_tcsetattr.o  bin/lib_psfa_addaction.o  bin/lib_psfa_addclose.o  bin/lib_psfa_adddup2.o  bin/lib_psfa_addopen.o  bin/lib_psfa_destroy.o  bin/lib_psfa_init.o  bin/lib_psa_getflags.o  bin/lib_psa_getschedparam.o  bin/lib_psa_getschedpolicy.o  bin/lib_psa_getstacksize.o  bin/lib_psa_init.o  bin/lib_psa_setflags.o  bin/lib_psa_setschedparam.o  bin/lib_psa_setschedpolicy.o  bin/lib_psa_setstacksize.o  bin/sq_addlast.o  bin/sq_addfirst.o  bin/sq_addafter.o  bin/sq_rem.o  bin/sq_remlast.o  bin/sq_remfirst.o  bin/sq_remafter.o  bin/dq_addlast.o  bin/dq_addfirst.o  bin/dq_addafter.o  bin/dq_addbefore.o  bin/dq_rem.o  bin/dq_remlast.o  bin/dq_remfirst.o  bin/lib_init.o  bin/lib_filesem.o  bin/lib_sendfile.o  bin/lib_match.o  bin/lib_crc32.o  bin/lib_dbg.o  bin/lib_dumpbuffer.o
AR:   fs_close.o fs_closedir.o fs_dup.o fs_dup2.o fs_fcntl.o fs_filedup.o fs_filedup2.o fs_ioctl.o fs_lseek.o fs_open.o fs_opendir.o fs_poll.o fs_read.o fs_readdir.o fs_rewinddir.o fs_seekdir.o fs_stat.o fs_statfs.o fs_select.o fs_write.o fs_files.o fs_foreachinode.o fs_inode.o fs_inodeaddref.o fs_inodefind.o fs_inoderelease.o fs_inoderemove.o fs_inodereserve.o fs_registerdriver.o fs_unregisterdriver.o fs_registerblockdriver.o fs_unregisterblockdriver.o fs_findblockdriver.o fs_openblockdriver.o fs_closeblockdriver.o fs_mmap.o
CC:  empty.c
AR:   empty.o
